<?xml version="1.0" encoding="UTF-8"?>
<testsuite name="basicRestAssured.VerifySchemaTest" tests="1" skipped="0" failures="0" errors="0" timestamp="2022-12-23T00:08:19" hostname="BETTY" time="6.167">
  <properties/>
  <testcase name="verifyCreateProject()" classname="basicRestAssured.VerifySchemaTest" time="6.167"/>
  <system-out><![CDATA[Request method:	POST
Request URI:	https://todo.ly/api/projects.json
Proxy:			<none>
Request params:	<none>
Query params:	<none>
Form params:	<none>
Path params:	<none>
Headers:		Authorization=Basic Ym9vdEFQSUBib290QVBJLmNvbToxMjM0NQ==
				Accept=*/*
				Content-Type=text/plain; charset=ISO-8859-1
Cookies:		<none>
Multiparts:		<none>
Body:
{"Content":"Bootcamp"}
HTTP/1.1 200 OK
Cache-Control: no-cache, no-store, must-revalidate
Pragma: no-cache
Content-Type: application/json; charset=utf-8
Expires: -1
Server: Microsoft-IIS/8.0
Set-Cookie: ASP.NET_SessionId=ez4tuwfdfnmtwnmi3tzaqcwg; path=/; HttpOnly; SameSite=Lax
X-AspNetMvc-Version: 2.0
X-AspNet-Version: 4.0.30319
X-Powered-By: ASP.NET
Date: Fri, 23 Dec 2022 00:08:18 GMT
Content-Length: 397

{
    "Id": 4049372,
    "Content": "Bootcamp",
    "ItemsCount": 0,
    "Icon": 0,
    "ItemType": 2,
    "ParentId": null,
    "Collapsed": false,
    "ItemOrder": 96,
    "Children": [
        
    ],
    "IsProjectShared": false,
    "ProjectShareOwnerName": null,
    "ProjectShareOwnerEmail": null,
    "IsShareApproved": false,
    "IsOwnProject": true,
    "LastSyncedDateTime": "/Date(1671754098456)/",
    "LastUpdatedDate": "/Date(1671754098457)/",
    "Deleted": false,
    "SyncClientCreationId": null
}
]]></system-out>
  <system-err><![CDATA[]]></system-err>
</testsuite>
